#
# There is insufficient memory for the Java Runtime Environment to continue.
# Native memory allocation (malloc) failed to allocate 88080384 bytes for committing reserved memory.
# Possible reasons:
#   The system is out of physical RAM or swap space
#   In 32 bit mode, the process size limit was hit
# Possible solutions:
#   Reduce memory load on the system
#   Increase physical memory or swap space
#   Check if swap backing store is full
#   Use 64 bit Java on a 64 bit OS
#   Decrease Java heap size (-Xmx/-Xms)
#   Decrease number of Java threads
#   Decrease Java thread stack sizes (-Xss)
#   Set larger code cache with -XX:ReservedCodeCacheSize=
# This output file may be truncated or incomplete.
#
#  Out of Memory Error (os_linux.cpp:2827), pid=10840, tid=140141128349440
#
# JRE version: OpenJDK Runtime Environment (7.0_95) (build 1.7.0_95-b00)
# Java VM: OpenJDK 64-Bit Server VM (24.95-b01 mixed mode linux-amd64 compressed oops)
# Derivative: IcedTea 2.6.4
# Distribution: Ubuntu 14.04.3 LTS, package 7u95-2.6.4-0ubuntu0.14.04.1
# Failed to write core dump. Core dumps have been disabled. To enable core dumping, try "ulimit -c unlimited" before starting Java again
#

---------------  T H R E A D  ---------------

Current thread (0x00007f752c075800):  VMThread [stack: 0x00007f75261c7000,0x00007f75262c8000] [id=10879]

Stack: [0x00007f75261c7000,0x00007f75262c8000],  sp=0x00007f75262c6490,  free space=1021k
Native frames: (J=compiled Java code, j=interpreted, Vv=VM code, C=native code)
V  [libjvm.so+0x9550e5]
V  [libjvm.so+0x4902b4]
V  [libjvm.so+0x7cf7bb]
V  [libjvm.so+0x7ca28f]
V  [libjvm.so+0x83e56b]
V  [libjvm.so+0x83f3e0]
V  [libjvm.so+0x83facb]
V  [libjvm.so+0x83b4d8]
V  [libjvm.so+0x83bd48]
V  [libjvm.so+0x7f1fd3]
V  [libjvm.so+0x956ae4]
V  [libjvm.so+0x95abe7]
V  [libjvm.so+0x9596a8]
V  [libjvm.so+0x959b09]
V  [libjvm.so+0x959f52]
V  [libjvm.so+0x7cc682]

VM_Operation (0x00007f751f7b4030): ParallelGCFailedAllocation, mode: safepoint, requested by thread 0x00007f752c1a7800


---------------  P R O C E S S  ---------------

Java Threads: ( => current thread )
  0x00007f752c1a7800 JavaThread "pool-1-thread-4" [_thread_blocked, id=10929, stack(0x00007f751f6b5000,0x00007f751f7b6000)]
  0x00007f752c1a6800 JavaThread "pool-1-thread-3" [_thread_blocked, id=10928, stack(0x00007f751f7b6000,0x00007f751f8b7000)]
  0x00007f752c1a4000 JavaThread "pool-1-thread-2" [_thread_blocked, id=10926, stack(0x00007f751f8b7000,0x00007f751f9b8000)]
  0x00007f752c1a1000 JavaThread "pool-2-thread-1" [_thread_blocked, id=10924, stack(0x00007f751f9b8000,0x00007f751fab9000)]
  0x00007f752c19f800 JavaThread "pool-1-thread-1" [_thread_blocked, id=10921, stack(0x00007f751fab9000,0x00007f751fbba000)]
  0x00007f752c0b0800 JavaThread "Service Thread" daemon [_thread_blocked, id=10905, stack(0x00007f75254df000,0x00007f75255e0000)]
  0x00007f752c0ae000 JavaThread "C2 CompilerThread1" daemon [_thread_in_native, id=10901, stack(0x00007f75255e0000,0x00007f75256e1000)]
  0x00007f752c0ab000 JavaThread "C2 CompilerThread0" daemon [_thread_blocked, id=10897, stack(0x00007f75256e1000,0x00007f75257e2000)]
  0x00007f752c0a9000 JavaThread "Signal Dispatcher" daemon [_thread_blocked, id=10894, stack(0x00007f75257e2000,0x00007f75258e3000)]
  0x00007f752c07c000 JavaThread "Finalizer" daemon [_thread_blocked, id=10888, stack(0x00007f7525fc5000,0x00007f75260c6000)]
  0x00007f752c07a000 JavaThread "Reference Handler" daemon [_thread_blocked, id=10882, stack(0x00007f75260c6000,0x00007f75261c7000)]
  0x00007f752c00a800 JavaThread "main" [_thread_blocked, id=10858, stack(0x00007f753491c000,0x00007f7534a1d000)]

Other Threads:
=>0x00007f752c075800 VMThread [stack: 0x00007f75261c7000,0x00007f75262c8000] [id=10879]
  0x00007f752c0c3000 WatcherThread [stack: 0x00007f75253de000,0x00007f75254df000] [id=10906]

VM state:at safepoint (normal execution)

VM Mutex/Monitor currently owned by a thread:  ([mutex/lock_event])
[0x00007f752c006880] Threads_lock - owner thread: 0x00007f752c075800
[0x00007f752c006d80] Heap_lock - owner thread: 0x00007f752c1a7800

Heap
 PSYoungGen      total 66048K, used 2541K [0x00000000eaa80000, 0x00000000eed80000, 0x0000000100000000)
  eden space 63488K, 0% used [0x00000000eaa80000,0x00000000eaa80000,0x00000000ee880000)
  from space 2560K, 99% used [0x00000000ee880000,0x00000000eeafb600,0x00000000eeb00000)
  to   space 2560K, 0% used [0x00000000eeb00000,0x00000000eeb00000,0x00000000eed80000)
 ParOldGen       total 41984K, used 24800K [0x00000000c0000000, 0x00000000c2900000, 0x00000000eaa80000)
  object space 41984K, 59% used [0x00000000c0000000,0x00000000c1838288,0x00000000c2900000)
 PSPermGen       total 21504K, used 6250K [0x00000000b5a00000, 0x00000000b6f00000, 0x00000000c0000000)
  object space 21504K, 29% used [0x00000000b5a00000,0x00000000b601a880,0x00000000b6f00000)

Card table byte_map: [0x00007f7531302000,0x00007f7531556000] byte_map_base: 0x00007f7530d55000

Polling page: 0x00007f7534a40000

Code Cache  [0x00007f7529000000, 0x00007f7529270000, 0x00007f752c000000)
 total_blobs=478 nmethods=247 adapters=184 free_code_cache=48087Kb largest_free_block=49199360

Compilation events (10 events):
Event: 9.075 Thread 0x00007f752c0ab000 nmethod 247 0x00007f75290e3890 code [0x00007f75290e39c0, 0x00007f75290e3a18]
Event: 9.075 Thread 0x00007f752c0ab000  248             java.util.TreeMap::getEntry (84 bytes)
Event: 9.095 Thread 0x00007f752c0ab000 nmethod 248 0x00007f75290e34d0 code [0x00007f75290e3620, 0x00007f75290e3758]
Event: 9.095 Thread 0x00007f752c0ab000  249             com.android.dx.rop.code.LocalItem::compareHandlesNulls (25 bytes)
Event: 9.112 Thread 0x00007f752c0ab000 nmethod 249 0x00007f7529100350 code [0x00007f75291004a0, 0x00007f7529100658]
Event: 9.112 Thread 0x00007f752c0ab000  250             com.android.dx.ssa.SsaMethod::buildUseList (112 bytes)
Event: 9.664 Thread 0x00007f752c0ab000 nmethod 250 0x00007f75290ff550 code [0x00007f75290ff720, 0x00007f75290fff48]
Event: 9.798 Thread 0x00007f752c0ab000  251             com.android.dx.rop.code.BasicBlockList::forEachInsn (39 bytes)
Event: 10.968 Thread 0x00007f752c0ab000 nmethod 251 0x00007f75290e24d0 code [0x00007f75290e2640, 0x00007f75290e28f8]
Event: 10.968 Thread 0x00007f752c0ab000  252             com.android.dx.ssa.back.IdenticalBlockCombiner::process (323 bytes)

GC Heap History (9 events):
Event: 1.295 GC heap before
{Heap before GC invocations=1 (full 0):
 PSYoungGen      total 18432K, used 15872K [0x00000000eaa80000, 0x00000000ebf00000, 0x0000000100000000)
  eden space 15872K, 100% used [0x00000000eaa80000,0x00000000eba00000,0x00000000eba00000)
  from space 2560K, 0% used [0x00000000ebc80000,0x00000000ebc80000,0x00000000ebf00000)
  to   space 2560K, 0% used [0x00000000eba00000,0x00000000eba00000,0x00000000ebc80000)
 ParOldGen       total 41984K, used 0K [0x00000000c0000000, 0x00000000c2900000, 0x00000000eaa80000)
  object space 41984K, 0% used [0x00000000c0000000,0x00000000c0000000,0x00000000c2900000)
 PSPermGen       total 21504K, used 5859K [0x00000000b5a00000, 0x00000000b6f00000, 0x00000000c0000000)
  object space 21504K, 27% used [0x00000000b5a00000,0x00000000b5fb8d20,0x00000000b6f00000)
Event: 1.317 GC heap after
Heap after GC invocations=1 (full 0):
 PSYoungGen      total 18432K, used 2533K [0x00000000eaa80000, 0x00000000ece80000, 0x0000000100000000)
  eden space 15872K, 0% used [0x00000000eaa80000,0x00000000eaa80000,0x00000000eba00000)
  from space 2560K, 98% used [0x00000000eba00000,0x00000000ebc79608,0x00000000ebc80000)
  to   space 2560K, 0% used [0x00000000ecc00000,0x00000000ecc00000,0x00000000ece80000)
 ParOldGen       total 41984K, used 1291K [0x00000000c0000000, 0x00000000c2900000, 0x00000000eaa80000)
  object space 41984K, 3% used [0x00000000c0000000,0x00000000c0142ce0,0x00000000c2900000)
 PSPermGen       total 21504K, used 5859K [0x00000000b5a00000, 0x00000000b6f00000, 0x00000000c0000000)
  object space 21504K, 27% used [0x00000000b5a00000,0x00000000b5fb8d20,0x00000000b6f00000)
}
Event: 2.181 GC heap before
{Heap before GC invocations=2 (full 0):
 PSYoungGen      total 18432K, used 18405K [0x00000000eaa80000, 0x00000000ece80000, 0x0000000100000000)
  eden space 15872K, 100% used [0x00000000eaa80000,0x00000000eba00000,0x00000000eba00000)
  from space 2560K, 98% used [0x00000000eba00000,0x00000000ebc79608,0x00000000ebc80000)
  to   space 2560K, 0% used [0x00000000ecc00000,0x00000000ecc00000,0x00000000ece80000)
 ParOldGen       total 41984K, used 1291K [0x00000000c0000000, 0x00000000c2900000, 0x00000000eaa80000)
  object space 41984K, 3% used [0x00000000c0000000,0x00000000c0142ce0,0x00000000c2900000)
 PSPermGen       total 21504K, used 6074K [0x00000000b5a00000, 0x00000000b6f00000, 0x00000000c0000000)
  object space 21504K, 28% used [0x00000000b5a00000,0x00000000b5feeb50,0x00000000b6f00000)
Event: 2.204 GC heap after
Heap after GC invocations=2 (full 0):
 PSYoungGen      total 34304K, used 2538K [0x00000000eaa80000, 0x00000000ece80000, 0x0000000100000000)
  eden space 31744K, 0% used [0x00000000eaa80000,0x00000000eaa80000,0x00000000ec980000)
  from space 2560K, 99% used [0x00000000ecc00000,0x00000000ece7aab8,0x00000000ece80000)
  to   space 2560K, 0% used [0x00000000ec980000,0x00000000ec980000,0x00000000ecc00000)
 ParOldGen       total 41984K, used 3610K [0x00000000c0000000, 0x00000000c2900000, 0x00000000eaa80000)
  object space 41984K, 8% used [0x00000000c0000000,0x00000000c0386b10,0x00000000c2900000)
 PSPermGen       total 21504K, used 6074K [0x00000000b5a00000, 0x00000000b6f00000, 0x00000000c0000000)
  object space 21504K, 28% used [0x00000000b5a00000,0x00000000b5feeb50,0x00000000b6f00000)
}
Event: 4.666 GC heap before
{Heap before GC invocations=3 (full 0):
 PSYoungGen      total 34304K, used 34282K [0x00000000eaa80000, 0x00000000ece80000, 0x0000000100000000)
  eden space 31744K, 100% used [0x00000000eaa80000,0x00000000ec980000,0x00000000ec980000)
  from space 2560K, 99% used [0x00000000ecc00000,0x00000000ece7aab8,0x00000000ece80000)
  to   space 2560K, 0% used [0x00000000ec980000,0x00000000ec980000,0x00000000ecc00000)
 ParOldGen       total 41984K, used 3610K [0x00000000c0000000, 0x00000000c2900000, 0x00000000eaa80000)
  object space 41984K, 8% used [0x00000000c0000000,0x00000000c0386b10,0x00000000c2900000)
 PSPermGen       total 21504K, used 6156K [0x00000000b5a00000, 0x00000000b6f00000, 0x00000000c0000000)
  object space 21504K, 28% used [0x00000000b5a00000,0x00000000b6003178,0x00000000b6f00000)
Event: 4.723 GC heap after
Heap after GC invocations=3 (full 0):
 PSYoungGen      total 34304K, used 2556K [0x00000000eaa80000, 0x00000000eed80000, 0x0000000100000000)
  eden space 31744K, 0% used [0x00000000eaa80000,0x00000000eaa80000,0x00000000ec980000)
  from space 2560K, 99% used [0x00000000ec980000,0x00000000ecbff078,0x00000000ecc00000)
  to   space 2560K, 0% used [0x00000000eeb00000,0x00000000eeb00000,0x00000000eed80000)
 ParOldGen       total 41984K, used 9195K [0x00000000c0000000, 0x00000000c2900000, 0x00000000eaa80000)
  object space 41984K, 21% used [0x00000000c0000000,0x00000000c08fadb0,0x00000000c2900000)
 PSPermGen       total 21504K, used 6156K [0x00000000b5a00000, 0x00000000b6f00000, 0x00000000c0000000)
  object space 21504K, 28% used [0x00000000b5a00000,0x00000000b6003178,0x00000000b6f00000)
}
Event: 6.241 GC heap before
{Heap before GC invocations=4 (full 0):
 PSYoungGen      total 34304K, used 34300K [0x00000000eaa80000, 0x00000000eed80000, 0x0000000100000000)
  eden space 31744K, 100% used [0x00000000eaa80000,0x00000000ec980000,0x00000000ec980000)
  from space 2560K, 99% used [0x00000000ec980000,0x00000000ecbff078,0x00000000ecc00000)
  to   space 2560K, 0% used [0x00000000eeb00000,0x00000000eeb00000,0x00000000eed80000)
 ParOldGen       total 41984K, used 9195K [0x00000000c0000000, 0x00000000c2900000, 0x00000000eaa80000)
  object space 41984K, 21% used [0x00000000c0000000,0x00000000c08fadb0,0x00000000c2900000)
 PSPermGen       total 21504K, used 6208K [0x00000000b5a00000, 0x00000000b6f00000, 0x00000000c0000000)
  object space 21504K, 28% used [0x00000000b5a00000,0x00000000b6010020,0x00000000b6f00000)
Event: 6.392 GC heap after
Heap after GC invocations=4 (full 0):
 PSYoungGen      total 66048K, used 2546K [0x00000000eaa80000, 0x00000000eed80000, 0x0000000100000000)
  eden space 63488K, 0% used [0x00000000eaa80000,0x00000000eaa80000,0x00000000ee880000)
  from space 2560K, 99% used [0x00000000eeb00000,0x00000000eed7cb98,0x00000000eed80000)
  to   space 2560K, 0% used [0x00000000ee880000,0x00000000ee880000,0x00000000eeb00000)
 ParOldGen       total 41984K, used 14923K [0x00000000c0000000, 0x00000000c2900000, 0x00000000eaa80000)
  object space 41984K, 35% used [0x00000000c0000000,0x00000000c0e92cb8,0x00000000c2900000)
 PSPermGen       total 21504K, used 6208K [0x00000000b5a00000, 0x00000000b6f00000, 0x00000000c0000000)
  object space 21504K, 28% used [0x00000000b5a00000,0x00000000b6010020,0x00000000b6f00000)
}
Event: 11.396 GC heap before
{Heap before GC invocations=5 (full 0):
 PSYoungGen      total 66048K, used 66034K [0x00000000eaa80000, 0x00000000eed80000, 0x0000000100000000)
  eden space 63488K, 100% used [0x00000000eaa80000,0x00000000ee880000,0x00000000ee880000)
  from space 2560K, 99% used [0x00000000eeb00000,0x00000000eed7cb98,0x00000000eed80000)
  to   space 2560K, 0% used [0x00000000ee880000,0x00000000ee880000,0x00000000eeb00000)
 ParOldGen       total 41984K, used 14923K [0x00000000c0000000, 0x00000000c2900000, 0x00000000eaa80000)
  object space 41984K, 35% used [0x00000000c0000000,0x00000000c0e92cb8,0x00000000c2900000)
 PSPermGen       total 21504K, used 6250K [0x00000000b5a00000, 0x00000000b6f00000, 0x00000000c0000000)
  object space 21504K, 29% used [0x00000000b5a00000,0x00000000b601a880,0x00000000b6f00000)

Deoptimization events (10 events):
Event: 1.121 Thread 0x00007f752c1a7800 Uncommon trap: reason=class_check action=maybe_recompile pc=0x00007f75290793f4 method=com.android.dx.ssa.NormalSsaInsn.accept(Lcom/android/dx/ssa/SsaInsn$Visitor;)V @ 9
Event: 1.127 Thread 0x00007f752c1a7800 Uncommon trap: reason=class_check action=maybe_recompile pc=0x00007f75290793f4 method=com.android.dx.ssa.NormalSsaInsn.accept(Lcom/android/dx/ssa/SsaInsn$Visitor;)V @ 9
Event: 1.129 Thread 0x00007f752c00a800 Uncommon trap: reason=null_check action=make_not_entrant pc=0x00007f752907bb68 method=com.android.dx.rop.code.LocalItem.equals(Ljava/lang/Object;)Z @ 1
Event: 2.006 Thread 0x00007f752c1a7800 Uncommon trap: reason=unstable_if action=reinterpret pc=0x00007f7529087a70 method=com.android.dx.rop.code.RegisterSpec.equals(ILcom/android/dx/rop/type/TypeBearer;Lcom/android/dx/rop/code/LocalItem;)Z @ 42
Event: 2.018 Thread 0x00007f752c1a4000 Uncommon trap: reason=unstable_if action=reinterpret pc=0x00007f7529093484 method=com.android.dx.rop.cst.Constant.compareTo(Lcom/android/dx/rop/cst/Constant;)I @ 12
Event: 4.823 Thread 0x00007f752c1a6800 Uncommon trap: reason=null_check action=make_not_entrant pc=0x00007f75290d94c0 method=com.android.dx.ssa.SsaRenamer.getLocalForNewReg(I)Lcom/android/dx/rop/code/LocalItem; @ 19
Event: 5.091 Thread 0x00007f752c19f800 Uncommon trap: reason=unstable_if action=reinterpret pc=0x00007f7529095e74 method=com.android.dx.util.IntList.binarysearch(I)I @ 105
Event: 6.634 Thread 0x00007f752c00a800 Uncommon trap: reason=unstable_if action=reinterpret pc=0x00007f75290c4c08 method=java.util.HashMap.put(Ljava/lang/Object;Ljava/lang/Object;)Ljava/lang/Object; @ 86
Event: 8.061 Thread 0x00007f752c00a800 Uncommon trap: reason=unstable_if action=reinterpret pc=0x00007f75290d15f0 method=com.android.dx.ssa.LocalVariableExtractor.processBlock(I)V @ 251
Event: 11.196 Thread 0x00007f752c00a800 Uncommon trap: reason=unstable_if action=reinterpret pc=0x00007f75290fa7c8 method=com.android.dx.rop.code.LocalVariableInfo.mergeStarts(ILcom/android/dx/rop/code/RegisterSpecSet;)Z @ 31

Internal exceptions (10 events):
Event: 4.238 Thread 0x00007f752c00a800 Threw 0x00000000ec28dc30 at /build/openjdk-7-2FOwCu/openjdk-7-7u95-2.6.4/build/openjdk/hotspot/src/share/vm/prims/jvm.cpp:1322
Event: 4.238 Thread 0x00007f752c00a800 Threw 0x00000000ec290b50 at /build/openjdk-7-2FOwCu/openjdk-7-7u95-2.6.4/build/openjdk/hotspot/src/share/vm/prims/jvm.cpp:1322
Event: 4.241 Thread 0x00007f752c00a800 Threw 0x00000000ec377cc0 at /build/openjdk-7-2FOwCu/openjdk-7-7u95-2.6.4/build/openjdk/hotspot/src/share/vm/prims/jvm.cpp:1322
Event: 4.305 Thread 0x00007f752c00a800 Threw 0x00000000ec37ab00 at /build/openjdk-7-2FOwCu/openjdk-7-7u95-2.6.4/build/openjdk/hotspot/src/share/vm/prims/jvm.cpp:1322
Event: 4.823 Thread 0x00007f752c1a6800 Implicit null exception at 0x00007f75290d74ac to 0x00007f75290d949d
Event: 4.865 Thread 0x00007f752c19f800 Threw 0x00000000eae8fd28 at /build/openjdk-7-2FOwCu/openjdk-7-7u95-2.6.4/build/openjdk/hotspot/src/share/vm/prims/jvm.cpp:1322
Event: 4.865 Thread 0x00007f752c19f800 Threw 0x00000000eae95c90 at /build/openjdk-7-2FOwCu/openjdk-7-7u95-2.6.4/build/openjdk/hotspot/src/share/vm/prims/jvm.cpp:1322
Event: 4.866 Thread 0x00007f752c19f800 Threw 0x00000000eae9b998 at /build/openjdk-7-2FOwCu/openjdk-7-7u95-2.6.4/build/openjdk/hotspot/src/share/vm/prims/jvm.cpp:1322
Event: 6.094 Thread 0x00007f752c00a800 Threw 0x00000000ec6f4ce8 at /build/openjdk-7-2FOwCu/openjdk-7-7u95-2.6.4/build/openjdk/hotspot/src/share/vm/prims/jvm.cpp:1322
Event: 8.570 Thread 0x00007f752c00a800 Threw 0x00000000ed4c72b8 at /build/openjdk-7-2FOwCu/openjdk-7-7u95-2.6.4/build/openjdk/hotspot/src/share/vm/prims/jvm.cpp:1322

Events (10 events):
Event: 7.664 Thread 0x00007f752c0ab000 flushing nmethod 0x00007f75290932d0
Event: 8.061 Thread 0x00007f752c00a800 Uncommon trap: trap_request=0xffffff75 fr.pc=0x00007f75290d15f0
Event: 8.061 Thread 0x00007f752c00a800 DEOPT PACKING pc=0x00007f75290d15f0 sp=0x00007f7534a1a9a0
Event: 8.061 Thread 0x00007f752c00a800 DEOPT UNPACKING pc=0x00007f7529039445 sp=0x00007f7534a1a970 mode 2
Event: 8.543 loading class 0x00007f752c117b80
Event: 8.557 loading class 0x00007f752c117b80 done
Event: 11.195 Thread 0x00007f752c00a800 Uncommon trap: trap_request=0xffffff75 fr.pc=0x00007f75290fa7c8
Event: 11.196 Thread 0x00007f752c00a800 DEOPT PACKING pc=0x00007f75290fa7c8 sp=0x00007f7534a1ab20
Event: 11.196 Thread 0x00007f752c00a800 DEOPT UNPACKING pc=0x00007f7529039445 sp=0x00007f7534a1aa80 mode 2
Event: 11.385 Executing VM operation: ParallelGCFailedAllocation


Dynamic libraries:
00400000-00401000 r-xp 00000000 08:01 1180774                            /usr/lib/jvm/java-7-openjdk-amd64/jre/bin/java
00600000-00601000 r--p 00000000 08:01 1180774                            /usr/lib/jvm/java-7-openjdk-amd64/jre/bin/java
00601000-00602000 rw-p 00001000 08:01 1180774                            /usr/lib/jvm/java-7-openjdk-amd64/jre/bin/java
010da000-010fb000 rw-p 00000000 00:00 0                                  [heap]
b5a00000-b6f00000 rw-p 00000000 00:00 0 
b6f00000-c0000000 rw-p 00000000 00:00 0 
c0000000-c2900000 rw-p 00000000 00:00 0 
c2900000-eaa80000 rw-p 00000000 00:00 0 
eaa80000-eed80000 rw-p 00000000 00:00 0 
f4180000-100000000 rw-p 00000000 00:00 0 
7f74d8000000-7f74d8021000 rw-p 00000000 00:00 0 
7f74d8021000-7f74dc000000 ---p 00000000 00:00 0 
7f74e0000000-7f74e0021000 rw-p 00000000 00:00 0 
7f74e0021000-7f74e4000000 ---p 00000000 00:00 0 
7f74e4000000-7f74e4022000 rw-p 00000000 00:00 0 
7f74e4022000-7f74e8000000 ---p 00000000 00:00 0 
7f74e8000000-7f74e8038000 rw-p 00000000 00:00 0 
7f74e8038000-7f74ec000000 ---p 00000000 00:00 0 
7f74ec000000-7f74ec021000 rw-p 00000000 00:00 0 
7f74ec021000-7f74f0000000 ---p 00000000 00:00 0 
7f74f0000000-7f74f0021000 rw-p 00000000 00:00 0 
7f74f0021000-7f74f4000000 ---p 00000000 00:00 0 
7f74f4000000-7f74f4021000 rw-p 00000000 00:00 0 
7f74f4021000-7f74f8000000 ---p 00000000 00:00 0 
7f74f8000000-7f74f8e54000 rw-p 00000000 00:00 0 
7f74f8e54000-7f74fc000000 ---p 00000000 00:00 0 
7f74fc000000-7f74fd1a3000 rw-p 00000000 00:00 0 
7f74fd1a3000-7f7500000000 ---p 00000000 00:00 0 
7f7500000000-7f7500021000 rw-p 00000000 00:00 0 
7f7500021000-7f7504000000 ---p 00000000 00:00 0 
7f7504000000-7f7504021000 rw-p 00000000 00:00 0 
7f7504021000-7f7508000000 ---p 00000000 00:00 0 
7f7508000000-7f7508041000 rw-p 00000000 00:00 0 
7f7508041000-7f750c000000 ---p 00000000 00:00 0 
7f750c000000-7f750c021000 rw-p 00000000 00:00 0 
7f750c021000-7f7510000000 ---p 00000000 00:00 0 
7f7510000000-7f7510021000 rw-p 00000000 00:00 0 
7f7510021000-7f7514000000 ---p 00000000 00:00 0 
7f7514000000-7f7514021000 rw-p 00000000 00:00 0 
7f7514021000-7f7518000000 ---p 00000000 00:00 0 
7f7518000000-7f7518021000 rw-p 00000000 00:00 0 
7f7518021000-7f751c000000 ---p 00000000 00:00 0 
7f751f6b5000-7f751f6b8000 ---p 00000000 00:00 0 
7f751f6b8000-7f751f7b6000 rw-p 00000000 00:00 0                          [stack:10929]
7f751f7b6000-7f751f7b9000 ---p 00000000 00:00 0 
7f751f7b9000-7f751f8b7000 rw-p 00000000 00:00 0                          [stack:10928]
7f751f8b7000-7f751f8ba000 ---p 00000000 00:00 0 
7f751f8ba000-7f751f9b8000 rw-p 00000000 00:00 0                          [stack:10926]
7f751f9b8000-7f751f9bb000 ---p 00000000 00:00 0 
7f751f9bb000-7f751fab9000 rw-p 00000000 00:00 0                          [stack:10924]
7f751fab9000-7f751fabc000 ---p 00000000 00:00 0 
7f751fabc000-7f751fbba000 rw-p 00000000 00:00 0                          [stack:10921]
7f751fbba000-7f751fbf7000 r-xp 00000000 08:01 953807                     /lib/x86_64-linux-gnu/libpcre.so.3.13.1
7f751fbf7000-7f751fdf6000 ---p 0003d000 08:01 953807                     /lib/x86_64-linux-gnu/libpcre.so.3.13.1
7f751fdf6000-7f751fdf7000 r--p 0003c000 08:01 953807                     /lib/x86_64-linux-gnu/libpcre.so.3.13.1
7f751fdf7000-7f751fdf8000 rw-p 0003d000 08:01 953807                     /lib/x86_64-linux-gnu/libpcre.so.3.13.1
7f751fdf8000-7f751fdff000 r-xp 00000000 08:01 273039                     /usr/lib/x86_64-linux-gnu/libffi.so.6.0.1
7f751fdff000-7f751fffe000 ---p 00007000 08:01 273039                     /usr/lib/x86_64-linux-gnu/libffi.so.6.0.1
7f751fffe000-7f751ffff000 r--p 00006000 08:01 273039                     /usr/lib/x86_64-linux-gnu/libffi.so.6.0.1
7f751ffff000-7f7520000000 rw-p 00007000 08:01 273039                     /usr/lib/x86_64-linux-gnu/libffi.so.6.0.1
7f7520000000-7f7520021000 rw-p 00000000 00:00 0 
7f7520021000-7f7524000000 ---p 00000000 00:00 0 
7f7524075000-7f75240a6000 rw-p 00000000 00:00 0 
7f75240a6000-7f75240bd000 r-xp 00000000 08:01 922351                     /lib/x86_64-linux-gnu/libresolv-2.19.so
7f75240bd000-7f75242bd000 ---p 00017000 08:01 922351                     /lib/x86_64-linux-gnu/libresolv-2.19.so
7f75242bd000-7f75242be000 r--p 00017000 08:01 922351                     /lib/x86_64-linux-gnu/libresolv-2.19.so
7f75242be000-7f75242bf000 rw-p 00018000 08:01 922351                     /lib/x86_64-linux-gnu/libresolv-2.19.so
7f75242bf000-7f75242c1000 rw-p 00000000 00:00 0 
7f75242c1000-7f75242e1000 r-xp 00000000 08:01 922124                     /lib/x86_64-linux-gnu/libselinux.so.1
7f75242e1000-7f75244e0000 ---p 00020000 08:01 922124                     /lib/x86_64-linux-gnu/libselinux.so.1
7f75244e0000-7f75244e1000 r--p 0001f000 08:01 922124                     /lib/x86_64-linux-gnu/libselinux.so.1
7f75244e1000-7f75244e2000 rw-p 00020000 08:01 922124                     /lib/x86_64-linux-gnu/libselinux.so.1
7f75244e2000-7f75244e4000 rw-p 00000000 00:00 0 
7f75244e4000-7f75244e7000 r-xp 00000000 08:01 262510                     /usr/lib/x86_64-linux-gnu/libgmodule-2.0.so.0.4002.0
7f75244e7000-7f75246e6000 ---p 00003000 08:01 262510                     /usr/lib/x86_64-linux-gnu/libgmodule-2.0.so.0.4002.0
7f75246e6000-7f75246e7000 r--p 00002000 08:01 262510                     /usr/lib/x86_64-linux-gnu/libgmodule-2.0.so.0.4002.0
7f75246e7000-7f75246e8000 rw-p 00003000 08:01 262510                     /usr/lib/x86_64-linux-gnu/libgmodule-2.0.so.0.4002.0
7f75246e8000-7f75247ee000 r-xp 00000000 08:01 922108                     /lib/x86_64-linux-gnu/libglib-2.0.so.0.4002.0
7f75247ee000-7f75249ed000 ---p 00106000 08:01 922108                     /lib/x86_64-linux-gnu/libglib-2.0.so.0.4002.0
7f75249ed000-7f75249ee000 r--p 00105000 08:01 922108                     /lib/x86_64-linux-gnu/libglib-2.0.so.0.4002.0
7f75249ee000-7f75249ef000 rw-p 00106000 08:01 922108                     /lib/x86_64-linux-gnu/libglib-2.0.so.0.4002.0
7f75249ef000-7f75249f0000 rw-p 00000000 00:00 0 
7f75249f0000-7f7524a3f000 r-xp 00000000 08:01 262528                     /usr/lib/x86_64-linux-gnu/libgobject-2.0.so.0.4002.0
7f7524a3f000-7f7524c3f000 ---p 0004f000 08:01 262528                     /usr/lib/x86_64-linux-gnu/libgobject-2.0.so.0.4002.0
7f7524c3f000-7f7524c40000 r--p 0004f000 08:01 262528                     /usr/lib/x86_64-linux-gnu/libgobject-2.0.so.0.4002.0
7f7524c40000-7f7524c41000 rw-p 00050000 08:01 262528                     /usr/lib/x86_64-linux-gnu/libgobject-2.0.so.0.4002.0
7f7524c41000-7f7524dad000 r-xp 00000000 08:01 262532                     /usr/lib/x86_64-linux-gnu/libgio-2.0.so.0.4002.0
7f7524dad000-7f7524fac000 ---p 0016c000 08:01 262532                     /usr/lib/x86_64-linux-gnu/libgio-2.0.so.0.4002.0
7f7524fac000-7f7524fb0000 r--p 0016b000 08:01 262532                     /usr/lib/x86_64-linux-gnu/libgio-2.0.so.0.4002.0
7f7524fb0000-7f7524fb2000 rw-p 0016f000 08:01 262532                     /usr/lib/x86_64-linux-gnu/libgio-2.0.so.0.4002.0
7f7524fb2000-7f7524fb4000 rw-p 00000000 00:00 0 
7f7524fb4000-7f7524fcb000 r-xp 00000000 08:01 1180864                    /usr/lib/jvm/java-7-openjdk-amd64/jre/lib/amd64/libnet.so
7f7524fcb000-7f75251ca000 ---p 00017000 08:01 1180864                    /usr/lib/jvm/java-7-openjdk-amd64/jre/lib/amd64/libnet.so
7f75251ca000-7f75251cb000 r--p 00016000 08:01 1180864                    /usr/lib/jvm/java-7-openjdk-amd64/jre/lib/amd64/libnet.so
7f75251cb000-7f75251cc000 rw-p 00017000 08:01 1180864                    /usr/lib/jvm/java-7-openjdk-amd64/jre/lib/amd64/libnet.so
7f75251cc000-7f75251dc000 r-xp 00000000 08:01 1180846                    /usr/lib/jvm/java-7-openjdk-amd64/jre/lib/amd64/libnio.so
7f75251dc000-7f75253dc000 ---p 00010000 08:01 1180846                    /usr/lib/jvm/java-7-openjdk-amd64/jre/lib/amd64/libnio.so
7f75253dc000-7f75253dd000 r--p 00010000 08:01 1180846                    /usr/lib/jvm/java-7-openjdk-amd64/jre/lib/amd64/libnio.so
7f75253dd000-7f75253de000 rw-p 00011000 08:01 1180846                    /usr/lib/jvm/java-7-openjdk-amd64/jre/lib/amd64/libnio.so
7f75253de000-7f75253df000 ---p 00000000 00:00 0 
7f75253df000-7f75254df000 rw-p 00000000 00:00 0                          [stack:10906]
7f75254df000-7f75254e2000 ---p 00000000 00:00 0 
7f75254e2000-7f75255e0000 rw-p 00000000 00:00 0                          [stack:10905]
7f75255e0000-7f75255e3000 ---p 00000000 00:00 0 
7f75255e3000-7f75256e1000 rw-p 00000000 00:00 0                          [stack:10901]
7f75256e1000-7f75256e4000 ---p 00000000 00:00 0 
7f75256e4000-7f75257e2000 rw-p 00000000 00:00 0                          [stack:10897]
7f75257e2000-7f75257e5000 ---p 00000000 00:00 0 
7f75257e5000-7f75258e3000 rw-p 00000000 00:00 0                          [stack:10894]
7f75258e3000-7f7525fc5000 r--p 00000000 08:01 270366                     /usr/lib/locale/locale-archive
7f7525fc5000-7f7525fc8000 ---p 00000000 00:00 0 
7f7525fc8000-7f75260c6000 rw-p 00000000 00:00 0                          [stack:10888]
7f75260c6000-7f75260c9000 ---p 00000000 00:00 0 
7f75260c9000-7f75261c7000 rw-p 00000000 00:00 0                          [stack:10882]
7f75261c7000-7f75261c8000 ---p 00000000 00:00 0 
7f75261c8000-7f7529000000 rw-p 00000000 00:00 0                          [stack:10879]
7f7529000000-7f7529270000 rwxp 00000000 00:00 0 
7f7529270000-7f752c1d5000 rw-p 00000000 00:00 0 
7f752c1d5000-7f7530000000 ---p 00000000 00:00 0 
7f7530033000-7f753003a000 r--s 00000000 08:01 535919                     /usr/lib/x86_64-linux-gnu/gconv/gconv-modules.cache
7f753003a000-7f753004e000 r--p 00000000 08:01 534215                     /usr/share/locale-langpack/zh_CN/LC_MESSAGES/libc.mo
7f753004e000-7f7530053000 r--s 00040000 08:01 4074273                    /home/bo/RN_Coursera/android/app/build/intermediates/exploded-aar/com.android.support/recyclerview-v7/23.0.1/jars/classes.jar
7f7530053000-7f7530062000 r--s 000df000 08:01 3558177                    /home/bo/Android/Sdk/build-tools/23.0.2/lib/dx.jar
7f7530062000-7f7530857000 rw-p 00000000 00:00 0 
7f7530857000-7f7530a09000 r--s 01d2f000 08:01 1180830                    /usr/lib/jvm/java-7-openjdk-amd64/jre/lib/rt.jar
7f7530a09000-7f7530d55000 rw-p 00000000 00:00 0 
7f7530d55000-7f7530d56000 ---p 00000000 00:00 0 
7f7530d56000-7f7530e56000 rw-p 00000000 00:00 0                          [stack:10872]
7f7530e56000-7f7530e57000 ---p 00000000 00:00 0 
7f7530e57000-7f7530f57000 rw-p 00000000 00:00 0                          [stack:10871]
7f7530f57000-7f7530f58000 ---p 00000000 00:00 0 
7f7530f58000-7f7531058000 rw-p 00000000 00:00 0                          [stack:10867]
7f7531058000-7f7531059000 ---p 00000000 00:00 0 
7f7531059000-7f7531164000 rw-p 00000000 00:00 0                          [stack:10864]
7f7531164000-7f75311ac000 rw-p 00000000 00:00 0 
7f75311ac000-7f75311c1000 rw-p 00000000 00:00 0 
7f75311c1000-7f7531302000 rw-p 00000000 00:00 0 
7f7531302000-7f753130d000 rw-p 00000000 00:00 0 
7f753130d000-7f7531355000 rw-p 00000000 00:00 0 
7f7531355000-7f753136a000 rw-p 00000000 00:00 0 
7f753136a000-7f75314aa000 rw-p 00000000 00:00 0 
7f75314aa000-7f75314cc000 rw-p 00000000 00:00 0 
7f75314cc000-7f7531555000 rw-p 00000000 00:00 0 
7f7531555000-7f7531556000 rw-p 00000000 00:00 0 
7f7531556000-7f753155e000 r-xp 00000000 08:01 1180839                    /usr/lib/jvm/java-7-openjdk-amd64/jre/lib/amd64/libzip.so
7f753155e000-7f753175d000 ---p 00008000 08:01 1180839                    /usr/lib/jvm/java-7-openjdk-amd64/jre/lib/amd64/libzip.so
7f753175d000-7f753175e000 r--p 00007000 08:01 1180839                    /usr/lib/jvm/java-7-openjdk-amd64/jre/lib/amd64/libzip.so
7f753175e000-7f753175f000 rw-p 00008000 08:01 1180839                    /usr/lib/jvm/java-7-openjdk-amd64/jre/lib/amd64/libzip.so
7f753175f000-7f753176a000 r-xp 00000000 08:01 923940                     /lib/x86_64-linux-gnu/libnss_files-2.19.so
7f753176a000-7f7531969000 ---p 0000b000 08:01 923940                     /lib/x86_64-linux-gnu/libnss_files-2.19.so
7f7531969000-7f753196a000 r--p 0000a000 08:01 923940                     /lib/x86_64-linux-gnu/libnss_files-2.19.so
7f753196a000-7f753196b000 rw-p 0000b000 08:01 923940                     /lib/x86_64-linux-gnu/libnss_files-2.19.so
7f753196b000-7f7531976000 r-xp 00000000 08:01 922445                     /lib/x86_64-linux-gnu/libnss_nis-2.19.so
7f7531976000-7f7531b75000 ---p 0000b000 08:01 922445                     /lib/x86_64-linux-gnu/libnss_nis-2.19.so
7f7531b75000-7f7531b76000 r--p 0000a000 08:01 922445                     /lib/x86_64-linux-gnu/libnss_nis-2.19.so
7f7531b76000-7f7531b77000 rw-p 0000b000 08:01 922445                     /lib/x86_64-linux-gnu/libnss_nis-2.19.so
7f7531b77000-7f7531b8e000 r-xp 00000000 08:01 922438                     /lib/x86_64-linux-gnu/libnsl-2.19.so
7f7531b8e000-7f7531d8d000 ---p 00017000 08:01 922438                     /lib/x86_64-linux-gnu/libnsl-2.19.so
7f7531d8d000-7f7531d8e000 r--p 00016000 08:01 922438                     /lib/x86_64-linux-gnu/libnsl-2.19.so
7f7531d8e000-7f7531d8f000 rw-p 00017000 08:01 922438                     /lib/x86_64-linux-gnu/libnsl-2.19.so
7f7531d8f000-7f7531d91000 rw-p 00000000 00:00 0 
7f7531d91000-7f7531d9a000 r-xp 00000000 08:01 922414                     /lib/x86_64-linux-gnu/libnss_compat-2.19.so
7f7531d9a000-7f7531f99000 ---p 00009000 08:01 922414                     /lib/x86_64-linux-gnu/libnss_compat-2.19.so
7f7531f99000-7f7531f9a000 r--p 00008000 08:01 922414                     /lib/x86_64-linux-gnu/libnss_compat-2.19.so
7f7531f9a000-7f7531f9b000 rw-p 00009000 08:01 922414                     /lib/x86_64-linux-gnu/libnss_compat-2.19.so
7f7531f9b000-7f7531fc6000 r-xp 00000000 08:01 1180860                    /usr/lib/jvm/java-7-openjdk-amd64/jre/lib/amd64/libjava.so
7f7531fc6000-7f75321c6000 ---p 0002b000 08:01 1180860                    /usr/lib/jvm/java-7-openjdk-amd64/jre/lib/amd64/libjava.so
7f75321c6000-7f75321c7000 r--p 0002b000 08:01 1180860                    /usr/lib/jvm/java-7-openjdk-amd64/jre/lib/amd64/libjava.so
7f75321c7000-7f75321c9000 rw-p 0002c000 08:01 1180860                    /usr/lib/jvm/java-7-openjdk-amd64/jre/lib/amd64/libjava.so
7f75321c9000-7f75321d9000 r-xp 00000000 08:01 1180844                    /usr/lib/jvm/java-7-openjdk-amd64/jre/lib/amd64/libverify.so
7f75321d9000-7f75323d8000 ---p 00010000 08:01 1180844                    /usr/lib/jvm/java-7-openjdk-amd64/jre/lib/amd64/libverify.so
7f75323d8000-7f75323da000 r--p 0000f000 08:01 1180844                    /usr/lib/jvm/java-7-openjdk-amd64/jre/lib/amd64/libverify.so
7f75323da000-7f75323db000 rw-p 00011000 08:01 1180844                    /usr/lib/jvm/java-7-openjdk-amd64/jre/lib/amd64/libverify.so
7f75323db000-7f75323e2000 r-xp 00000000 08:01 923936                     /lib/x86_64-linux-gnu/librt-2.19.so
7f75323e2000-7f75325e1000 ---p 00007000 08:01 923936                     /lib/x86_64-linux-gnu/librt-2.19.so
7f75325e1000-7f75325e2000 r--p 00006000 08:01 923936                     /lib/x86_64-linux-gnu/librt-2.19.so
7f75325e2000-7f75325e3000 rw-p 00007000 08:01 923936                     /lib/x86_64-linux-gnu/librt-2.19.so
7f75325e3000-7f75325f9000 r-xp 00000000 08:01 922067                     /lib/x86_64-linux-gnu/libgcc_s.so.1
7f75325f9000-7f75327f8000 ---p 00016000 08:01 922067                     /lib/x86_64-linux-gnu/libgcc_s.so.1
7f75327f8000-7f75327f9000 rw-p 00015000 08:01 922067                     /lib/x86_64-linux-gnu/libgcc_s.so.1
7f75327f9000-7f75328fe000 r-xp 00000000 08:01 922353                     /lib/x86_64-linux-gnu/libm-2.19.so
7f75328fe000-7f7532afd000 ---p 00105000 08:01 922353                     /lib/x86_64-linux-gnu/libm-2.19.so
7f7532afd000-7f7532afe000 r--p 00104000 08:01 922353                     /lib/x86_64-linux-gnu/libm-2.19.so
7f7532afe000-7f7532aff000 rw-p 00105000 08:01 922353                     /lib/x86_64-linux-gnu/libm-2.19.so
7f7532aff000-7f7532be5000 r-xp 00000000 08:01 269597                     /usr/lib/x86_64-linux-gnu/libstdc++.so.6.0.19
7f7532be5000-7f7532de4000 ---p 000e6000 08:01 269597                     /usr/lib/x86_64-linux-gnu/libstdc++.so.6.0.19
7f7532de4000-7f7532dec000 r--p 000e5000 08:01 269597                     /usr/lib/x86_64-linux-gnu/libstdc++.so.6.0.19
7f7532dec000-7f7532dee000 rw-p 000ed000 08:01 269597                     /usr/lib/x86_64-linux-gnu/libstdc++.so.6.0.19
7f7532dee000-7f7532e03000 rw-p 00000000 00:00 0 
7f7532e03000-7f7533928000 r-xp 00000000 08:01 1180840                    /usr/lib/jvm/java-7-openjdk-amd64/jre/lib/amd64/server/libjvm.so
7f7533928000-7f7533b28000 ---p 00b25000 08:01 1180840                    /usr/lib/jvm/java-7-openjdk-amd64/jre/lib/amd64/server/libjvm.so
7f7533b28000-7f7533bc2000 r--p 00b25000 08:01 1180840                    /usr/lib/jvm/java-7-openjdk-amd64/jre/lib/amd64/server/libjvm.so
7f7533bc2000-7f7533be5000 rw-p 00bbf000 08:01 1180840                    /usr/lib/jvm/java-7-openjdk-amd64/jre/lib/amd64/server/libjvm.so
7f7533be5000-7f7533c13000 rw-p 00000000 00:00 0 
7f7533c13000-7f7533c2b000 r-xp 00000000 08:01 922157                     /lib/x86_64-linux-gnu/libz.so.1.2.8
7f7533c2b000-7f7533e2a000 ---p 00018000 08:01 922157                     /lib/x86_64-linux-gnu/libz.so.1.2.8
7f7533e2a000-7f7533e2b000 r--p 00017000 08:01 922157                     /lib/x86_64-linux-gnu/libz.so.1.2.8
7f7533e2b000-7f7533e2c000 rw-p 00018000 08:01 922157                     /lib/x86_64-linux-gnu/libz.so.1.2.8
7f7533e2c000-7f7533e45000 r-xp 00000000 08:01 922442                     /lib/x86_64-linux-gnu/libpthread-2.19.so
7f7533e45000-7f7534044000 ---p 00019000 08:01 922442                     /lib/x86_64-linux-gnu/libpthread-2.19.so
7f7534044000-7f7534045000 r--p 00018000 08:01 922442                     /lib/x86_64-linux-gnu/libpthread-2.19.so
7f7534045000-7f7534046000 rw-p 00019000 08:01 922442                     /lib/x86_64-linux-gnu/libpthread-2.19.so
7f7534046000-7f753404a000 rw-p 00000000 00:00 0 
7f753404a000-7f753404d000 r-xp 00000000 08:01 922363                     /lib/x86_64-linux-gnu/libdl-2.19.so
7f753404d000-7f753424c000 ---p 00003000 08:01 922363                     /lib/x86_64-linux-gnu/libdl-2.19.so
7f753424c000-7f753424d000 r--p 00002000 08:01 922363                     /lib/x86_64-linux-gnu/libdl-2.19.so
7f753424d000-7f753424e000 rw-p 00003000 08:01 922363                     /lib/x86_64-linux-gnu/libdl-2.19.so
7f753424e000-7f7534409000 r-xp 00000000 08:01 923937                     /lib/x86_64-linux-gnu/libc-2.19.so
7f7534409000-7f7534608000 ---p 001bb000 08:01 923937                     /lib/x86_64-linux-gnu/libc-2.19.so
7f7534608000-7f753460c000 r--p 001ba000 08:01 923937                     /lib/x86_64-linux-gnu/libc-2.19.so
7f753460c000-7f753460e000 rw-p 001be000 08:01 923937                     /lib/x86_64-linux-gnu/libc-2.19.so
7f753460e000-7f7534613000 rw-p 00000000 00:00 0 
7f7534613000-7f7534620000 r-xp 00000000 08:01 1180834                    /usr/lib/jvm/java-7-openjdk-amd64/jre/lib/amd64/jli/libjli.so
7f7534620000-7f753481f000 ---p 0000d000 08:01 1180834                    /usr/lib/jvm/java-7-openjdk-amd64/jre/lib/amd64/jli/libjli.so
7f753481f000-7f7534820000 r--p 0000c000 08:01 1180834                    /usr/lib/jvm/java-7-openjdk-amd64/jre/lib/amd64/jli/libjli.so
7f7534820000-7f7534821000 rw-p 0000d000 08:01 1180834                    /usr/lib/jvm/java-7-openjdk-amd64/jre/lib/amd64/jli/libjli.so
7f7534821000-7f7534844000 r-xp 00000000 08:01 922443                     /lib/x86_64-linux-gnu/ld-2.19.so
7f7534844000-7f7534866000 rw-p 00000000 00:00 0 
7f7534866000-7f753491c000 rw-p 00000000 00:00 0 
7f753491c000-7f753491f000 ---p 00000000 00:00 0 
7f753491f000-7f7534a23000 rw-p 00000000 00:00 0                          [stack:10858]
7f7534a23000-7f7534a26000 r--s 0000f000 08:01 1180874                    /usr/lib/jvm/java-7-openjdk-amd64/jre/lib/ext/icedtea-sound.jar
7f7534a26000-7f7534a2a000 r--s 00034000 08:01 1180870                    /usr/lib/jvm/java-7-openjdk-amd64/jre/lib/ext/sunjce_provider.jar
7f7534a2a000-7f7534a2e000 r--s 00085000 08:01 1180869                    /usr/lib/jvm/java-7-openjdk-amd64/jre/lib/ext/localedata.jar
7f7534a2e000-7f7534a2f000 r--s 00002000 08:01 1180873                    /usr/lib/jvm/java-7-openjdk-amd64/jre/lib/ext/dnsns.jar
7f7534a2f000-7f7534a33000 r--s 0003c000 08:01 1180872                    /usr/lib/jvm/java-7-openjdk-amd64/jre/lib/ext/sunpkcs11.jar
7f7534a33000-7f7534a35000 r--s 00006000 08:01 542231                     /usr/share/java/java-atk-wrapper.jar
7f7534a35000-7f7534a37000 r--s 00012000 08:01 1180871                    /usr/lib/jvm/java-7-openjdk-amd64/jre/lib/ext/zipfs.jar
7f7534a37000-7f7534a3f000 rw-s 00000000 08:01 3803740                    /tmp/hsperfdata_bo/10840
7f7534a3f000-7f7534a40000 rw-p 00000000 00:00 0 
7f7534a40000-7f7534a41000 ---p 00000000 00:00 0 
7f7534a41000-7f7534a43000 rw-p 00000000 00:00 0 
7f7534a43000-7f7534a44000 r--p 00022000 08:01 922443                     /lib/x86_64-linux-gnu/ld-2.19.so
7f7534a44000-7f7534a45000 rw-p 00023000 08:01 922443                     /lib/x86_64-linux-gnu/ld-2.19.so
7f7534a45000-7f7534a46000 rw-p 00000000 00:00 0 
7ffdd13d1000-7ffdd13f3000 rw-p 00000000 00:00 0                          [stack]
7ffdd13f6000-7ffdd13f8000 r-xp 00000000 00:00 0                          [vdso]
ffffffffff600000-ffffffffff601000 r-xp 00000000 00:00 0                  [vsyscall]

VM Arguments:
jvm_args: -Xmx1024M -Dfile.encoding=UTF-8 -Duser.country=CN -Duser.language=zh -Duser.variant 
java_command: com.android.dx.command.Main --dex --num-threads=4 --output /home/bo/RN_Coursera/android/app/build/intermediates/pre-dexed/debug/classes-aa8adfbe670d92b67eacd780aa8f362f42bdc4b1.jar /home/bo/RN_Coursera/android/app/build/intermediates/exploded-aar/com.android.support/recyclerview-v7/23.0.1/jars/classes.jar
Launcher Type: SUN_STANDARD

Environment Variables:
JAVA_HOME=/usr/lib/jvm/java-7-openjdk-amd64
CLASSPATH=/home/bo/RN_Coursera/android/gradle/wrapper/gradle-wrapper.jar
PATH=/home/bo/.nvm/versions/node/v5.6.0/bin:/opt/android-studio/gradle/gradle-2.4/bin:/home/bo/Android/Sdk/platform-tools:/home/bo/Android/Sdk/tools:/usr/local/sbin:/usr/local/bin:/usr/sbin:/usr/bin:/sbin:/bin:/usr/games:/usr/local/games
SHELL=/bin/bash
DISPLAY=:0

Signal Handlers:
SIGSEGV: [libjvm.so+0x955bc0], sa_mask[0]=0x7ffbfeff, sa_flags=0x10000004
SIGBUS: [libjvm.so+0x955bc0], sa_mask[0]=0x7ffbfeff, sa_flags=0x10000004
SIGFPE: [libjvm.so+0x7caff0], sa_mask[0]=0x7ffbfeff, sa_flags=0x10000004
SIGPIPE: [libjvm.so+0x7caff0], sa_mask[0]=0x7ffbfeff, sa_flags=0x10000004
SIGXFSZ: [libjvm.so+0x7caff0], sa_mask[0]=0x7ffbfeff, sa_flags=0x10000004
SIGILL: [libjvm.so+0x7caff0], sa_mask[0]=0x7ffbfeff, sa_flags=0x10000004
SIGUSR1: SIG_DFL, sa_mask[0]=0x00000000, sa_flags=0x00000000
SIGUSR2: [libjvm.so+0x7cae90], sa_mask[0]=0x00000004, sa_flags=0x10000004
SIGHUP: [libjvm.so+0x7cb070], sa_mask[0]=0x7ffbfeff, sa_flags=0x10000004
SIGINT: [libjvm.so+0x7cb070], sa_mask[0]=0x7ffbfeff, sa_flags=0x10000004
SIGTERM: [libjvm.so+0x7cb070], sa_mask[0]=0x7ffbfeff, sa_flags=0x10000004
SIGQUIT: [libjvm.so+0x7cb070], sa_mask[0]=0x7ffbfeff, sa_flags=0x10000004
SIGTRAP: SIG_DFL, sa_mask[0]=0x00000000, sa_flags=0x00000000


---------------  S Y S T E M  ---------------

OS:Ubuntu 14.04 (trusty)
uname:Linux 3.13.0-77-generic #121-Ubuntu SMP Wed Jan 20 10:50:42 UTC 2016 x86_64
libc:glibc 2.19 NPTL 2.19 
rlimit: STACK 8192k, CORE 0k, NPROC 31350, NOFILE 4096, AS infinity
load average:5.18 2.08 1.09

/proc/meminfo:
MemTotal:        4034472 kB
MemFree:           89692 kB
Buffers:             404 kB
Cached:            19684 kB
SwapCached:        11804 kB
Active:          2238324 kB
Inactive:         816868 kB
Active(anon):    2229900 kB
Inactive(anon):   811736 kB
Active(file):       8424 kB
Inactive(file):     5132 kB
Unevictable:           0 kB
Mlocked:               0 kB
SwapTotal:       1047548 kB
SwapFree:              0 kB
Dirty:                56 kB
Writeback:             0 kB
AnonPages:       3023588 kB
Mapped:            14900 kB
Shmem:              6136 kB
Slab:             103836 kB
SReclaimable:      51448 kB
SUnreclaim:        52388 kB
KernelStack:        8264 kB
PageTables:        42520 kB
NFS_Unstable:          0 kB
Bounce:                0 kB
WritebackTmp:          0 kB
CommitLimit:     3064784 kB
Committed_AS:    9357528 kB
VmallocTotal:   34359738367 kB
VmallocUsed:      176176 kB
VmallocChunk:   34359466308 kB
HardwareCorrupted:     0 kB
AnonHugePages:    841728 kB
HugePages_Total:       0
HugePages_Free:        0
HugePages_Rsvd:        0
HugePages_Surp:        0
Hugepagesize:       2048 kB
DirectMap4k:       71488 kB
DirectMap2M:     3074048 kB
DirectMap1G:     3145728 kB


CPU:total 4 (4 cores per cpu, 1 threads per core) family 6 model 60 stepping 3, cmov, cx8, fxsr, mmx, sse, sse2, sse3, ssse3, sse4.1, sse4.2, popcnt, avx, avx2, aes, erms, tsc, tscinvbit

/proc/cpuinfo:
processor	: 0
vendor_id	: GenuineIntel
cpu family	: 6
model		: 60
model name	: Intel(R) Core(TM) i7-4710MQ CPU @ 2.50GHz
stepping	: 3
microcode	: 0x12
cpu MHz		: 2494.290
cache size	: 6144 KB
physical id	: 0
siblings	: 4
core id		: 0
cpu cores	: 4
apicid		: 0
initial apicid	: 0
fpu		: yes
fpu_exception	: yes
cpuid level	: 13
wp		: yes
flags		: fpu vme de pse tsc msr pae mce cx8 apic sep mtrr pge mca cmov pat pse36 clflush dts mmx fxsr sse sse2 ss ht syscall nx pdpe1gb rdtscp lm constant_tsc arch_perfmon pebs bts nopl xtopology tsc_reliable nonstop_tsc aperfmperf eagerfpu pni pclmulqdq ssse3 fma cx16 pcid sse4_1 sse4_2 x2apic movbe popcnt tsc_deadline_timer aes xsave avx f16c rdrand hypervisor lahf_lm abm ida arat epb xsaveopt pln pts dtherm fsgsbase tsc_adjust bmi1 avx2 smep bmi2 invpcid
bogomips	: 4988.58
clflush size	: 64
cache_alignment	: 64
address sizes	: 42 bits physical, 48 bits virtual
power management:

processor	: 1
vendor_id	: GenuineIntel
cpu family	: 6
model		: 60
model name	: Intel(R) Core(TM) i7-4710MQ CPU @ 2.50GHz
stepping	: 3
microcode	: 0x12
cpu MHz		: 2494.290
cache size	: 6144 KB
physical id	: 0
siblings	: 4
core id		: 1
cpu cores	: 4
apicid		: 1
initial apicid	: 1
fpu		: yes
fpu_exception	: yes
cpuid level	: 13
wp		: yes
flags		: fpu vme de pse tsc msr pae mce cx8 apic sep mtrr pge mca cmov pat pse36 clflush dts mmx fxsr sse sse2 ss ht syscall nx pdpe1gb rdtscp lm constant_tsc arch_perfmon pebs bts nopl xtopology tsc_reliable nonstop_tsc aperfmperf eagerfpu pni pclmulqdq ssse3 fma cx16 pcid sse4_1 sse4_2 x2apic movbe popcnt tsc_deadline_timer aes xsave avx f16c rdrand hypervisor lahf_lm abm ida arat epb xsaveopt pln pts dtherm fsgsbase tsc_adjust bmi1 avx2 smep bmi2 invpcid
bogomips	: 4988.58
clflush size	: 64
cache_alignment	: 64
address sizes	: 42 bits physical, 48 bits virtual
power management:

processor	: 2
vendor_id	: GenuineIntel
cpu family	: 6
model		: 60
model name	: Intel(R) Core(TM) i7-4710MQ CPU @ 2.50GHz
stepping	: 3
microcode	: 0x12
cpu MHz		: 2494.290
cache size	: 6144 KB
physical id	: 0
siblings	: 4
core id		: 2
cpu cores	: 4
apicid		: 2
initial apicid	: 2
fpu		: yes
fpu_exception	: yes
cpuid level	: 13
wp		: yes
flags		: fpu vme de pse tsc msr pae mce cx8 apic sep mtrr pge mca cmov pat pse36 clflush dts mmx fxsr sse sse2 ss ht syscall nx pdpe1gb rdtscp lm constant_tsc arch_perfmon pebs bts nopl xtopology tsc_reliable nonstop_tsc aperfmperf eagerfpu pni pclmulqdq ssse3 fma cx16 pcid sse4_1 sse4_2 x2apic movbe popcnt tsc_deadline_timer aes xsave avx f16c rdrand hypervisor lahf_lm abm ida arat epb xsaveopt pln pts dtherm fsgsbase tsc_adjust bmi1 avx2 smep bmi2 invpcid
bogomips	: 4988.58
clflush size	: 64
cache_alignment	: 64
address sizes	: 42 bits physical, 48 bits virtual
power management:

processor	: 3
vendor_id	: GenuineIntel
cpu family	: 6
model		: 60
model name	: Intel(R) Core(TM) i7-4710MQ CPU @ 2.50GHz
stepping	: 3
microcode	: 0x12
cpu MHz		: 2494.290
cache size	: 6144 KB
physical id	: 0
siblings	: 4
core id		: 3
cpu cores	: 4
apicid		: 3
initial apicid	: 3
fpu		: yes
fpu_exception	: yes
cpuid level	: 13
wp		: yes
flags		: fpu vme de pse tsc msr pae mce cx8 apic sep mtrr pge mca cmov pat pse36 clflush dts mmx fxsr sse sse2 ss ht syscall nx pdpe1gb rdtscp lm constant_tsc arch_perfmon pebs bts nopl xtopology tsc_reliable nonstop_tsc aperfmperf eagerfpu pni pclmulqdq ssse3 fma cx16 pcid sse4_1 sse4_2 x2apic movbe popcnt tsc_deadline_timer aes xsave avx f16c rdrand hypervisor lahf_lm abm ida arat epb xsaveopt pln pts dtherm fsgsbase tsc_adjust bmi1 avx2 smep bmi2 invpcid
bogomips	: 4988.58
clflush size	: 64
cache_alignment	: 64
address sizes	: 42 bits physical, 48 bits virtual
power management:



Memory: 4k page, physical 4034472k(89220k free), swap 1047548k(0k free)

vm_info: OpenJDK 64-Bit Server VM (24.95-b01) for linux-amd64 JRE (1.7.0_95-b00), built on Jan 21 2016 03:31:40 by "buildd" with gcc 4.8.4

time: Tue Apr 26 15:18:24 2016
elapsed time: 12 seconds

